[2025-03-17T17:40:41.546] [DEBUG] geohash_processor - Processing geohash d2g6d0
[2025-03-17T17:41:35.750] [DEBUG] geohash_processor - Processing geohash d2g6d0
[2025-03-17T17:41:57.975] [DEBUG] geohash_processor - Processing geohash d2g6d0
[2025-03-17T17:43:04.617] [DEBUG] geohash_processor - Processing geohash d2g6d0
[2025-03-17T17:51:06.288] [DEBUG] geohash_processor - Processing geohash d2g6d0
[2025-03-17T17:51:08.719] [DEBUG] geohash_processor - Processing geohash d2g6d1
[2025-03-17T18:07:48.749] [DEBUG] geohash_processor - Processing geohash d2g6d0
[2025-03-17T18:07:51.339] [DEBUG] geohash_processor - Processing geohash d2g6d1
[2025-03-17T18:07:52.140] [DEBUG] geohash_processor - Processing geohash d2g6d2
[2025-03-17T18:07:52.934] [DEBUG] geohash_processor - Processing geohash d2g6d3
[2025-03-17T18:07:53.808] [DEBUG] geohash_processor - Processing geohash d2g6d4
[2025-03-17T18:07:55.551] [DEBUG] geohash_processor - Processing geohash d2g6d5
[2025-03-17T18:07:57.229] [DEBUG] geohash_processor - Processing geohash d2g6d6
[2025-03-17T18:08:00.883] [DEBUG] geohash_processor - Processing geohash d2g6d7
[2025-03-17T18:08:02.614] [DEBUG] geohash_processor - Processing geohash d2g6d8
[2025-03-17T18:08:03.439] [DEBUG] geohash_processor - Processing geohash d2g6d9
[2025-03-17T18:08:04.299] [DEBUG] geohash_processor - Processing geohash d2g6db
[2025-03-17T18:08:07.124] [DEBUG] geohash_processor - Processing geohash d2g6dc
[2025-03-17T18:08:09.865] [DEBUG] geohash_processor - Processing geohash d2g6dd
[2025-03-17T18:08:13.415] [DEBUG] geohash_processor - Processing geohash d2g6de
[2025-03-17T18:08:15.168] [DEBUG] geohash_processor - Processing geohash d2g6df
[2025-03-17T18:08:15.990] [DEBUG] geohash_processor - Processing geohash d2g6dg
[2025-03-17T18:08:16.812] [DEBUG] geohash_processor - Processing geohash d2g6dh
[2025-03-17T18:08:17.601] [DEBUG] geohash_processor - Processing geohash d2g6dj
[2025-03-17T18:08:19.456] [DEBUG] geohash_processor - Processing geohash d2g6dk
[2025-03-17T18:08:22.904] [DEBUG] geohash_processor - Processing geohash d2g6dm
[2025-03-17T18:08:27.732] [DEBUG] geohash_processor - Processing geohash d2g6dn
[2025-03-17T18:08:30.317] [DEBUG] geohash_processor - Processing geohash d2g6dp
